2014/04/23 04:45:56 [error] [exception.CException] exception 'CException' with message 'Alias "Status.models.*" is invalid. Make sure it points to an existing directory or file.' in C:\xampp\htdocs\giaingoaihang\framework\YiiBase.php:347
Stack trace:
#0 C:\xampp\htdocs\giaingoaihang\framework\base\CModule.php(226): YiiBase::import('Status.models.*')
#1 C:\xampp\htdocs\giaingoaihang\protected\modules\Pages\PagesModule.php(14): CModule->setImport(Array)
#2 C:\xampp\htdocs\giaingoaihang\framework\base\CModule.php(90): PagesModule->init()
#3 C:\xampp\htdocs\giaingoaihang\framework\YiiBase.php(206): CModule->__construct('Pages', NULL, Array)
#4 C:\xampp\htdocs\giaingoaihang\framework\base\CModule.php(282): YiiBase::createComponent('Pages.PagesModu...', 'Pages', NULL, Array)
#5 C:\xampp\htdocs\giaingoaihang\framework\web\CWebApplication.php(337): CModule->getModule('Pages')
#6 C:\xampp\htdocs\giaingoaihang\framework\web\CWebApplication.php(276): CWebApplication->createController('Pages/default/c...')
#7 C:\xampp\htdocs\giaingoaihang\framework\web\CWebApplication.php(141): CWebApplication->runController('Pages/default/c...')
#8 C:\xampp\htdocs\giaingoaihang\framework\base\CApplication.php(180): CWebApplication->processRequest()
#9 C:\xampp\htdocs\giaingoaihang\index.php(23): CApplication->run()
#10 {main}
REQUEST_URI=/giaingoaihang/index.php?r=Pages/default/create
HTTP_REFERER=http://localhost/giaingoaihang/index.php?r=Users/default/view&id=1
---
2014/04/23 04:45:56 [error] [exception.CException] exception 'CException' with message 'Alias "Status.models.*" is invalid. Make sure it points to an existing directory or file.' in C:\xampp\htdocs\giaingoaihang\framework\YiiBase.php:347
Stack trace:
#0 C:\xampp\htdocs\giaingoaihang\framework\base\CModule.php(226): YiiBase::import('Status.models.*')
#1 C:\xampp\htdocs\giaingoaihang\protected\modules\Pages\PagesModule.php(14): CModule->setImport(Array)
#2 C:\xampp\htdocs\giaingoaihang\framework\base\CModule.php(90): PagesModule->init()
#3 C:\xampp\htdocs\giaingoaihang\framework\YiiBase.php(206): CModule->__construct('Pages', NULL, Array)
#4 C:\xampp\htdocs\giaingoaihang\framework\base\CModule.php(282): YiiBase::createComponent('Pages.PagesModu...', 'Pages', NULL, Array)
#5 C:\xampp\htdocs\giaingoaihang\framework\web\CWebApplication.php(337): CModule->getModule('Pages')
#6 C:\xampp\htdocs\giaingoaihang\framework\web\CWebApplication.php(276): CWebApplication->createController('Pages/default/c...')
#7 C:\xampp\htdocs\giaingoaihang\framework\web\CWebApplication.php(141): CWebApplication->runController('Pages/default/c...')
#8 C:\xampp\htdocs\giaingoaihang\framework\base\CApplication.php(180): CWebApplication->processRequest()
#9 C:\xampp\htdocs\giaingoaihang\index.php(23): CApplication->run()
#10 {main}
REQUEST_URI=/giaingoaihang/index.php?r=Pages/default/create
HTTP_REFERER=http://localhost/giaingoaihang/index.php?r=Users/default/view&id=1
---
2014/04/23 04:45:56 [error] [exception.CHttpException.404] exception 'CHttpException' with message 'Unable to resolve the request "Status/default/create".' in C:\xampp\htdocs\giaingoaihang\framework\web\CWebApplication.php:286
Stack trace:
#0 C:\xampp\htdocs\giaingoaihang\framework\web\CWebApplication.php(141): CWebApplication->runController('Status/default/...')
#1 C:\xampp\htdocs\giaingoaihang\framework\base\CApplication.php(180): CWebApplication->processRequest()
#2 C:\xampp\htdocs\giaingoaihang\index.php(23): CApplication->run()
#3 {main}
REQUEST_URI=/giaingoaihang/index.php?r=Status/default/create
HTTP_REFERER=http://localhost/giaingoaihang/index.php?r=Users/default/view&id=1
---
2014/04/23 04:45:56 [error] [exception.CHttpException.404] exception 'CHttpException' with message 'Unable to resolve the request "Status/default/create".' in C:\xampp\htdocs\giaingoaihang\framework\web\CWebApplication.php:286
Stack trace:
#0 C:\xampp\htdocs\giaingoaihang\framework\web\CWebApplication.php(141): CWebApplication->runController('Status/default/...')
#1 C:\xampp\htdocs\giaingoaihang\framework\base\CApplication.php(180): CWebApplication->processRequest()
#2 C:\xampp\htdocs\giaingoaihang\index.php(23): CApplication->run()
#3 {main}
REQUEST_URI=/giaingoaihang/index.php?r=Status/default/create
HTTP_REFERER=http://localhost/giaingoaihang/index.php?r=Users/default/view&id=1
---
2014/04/23 04:46:01 [error] [exception.CException] exception 'CException' with message 'Alias "Status.models.*" is invalid. Make sure it points to an existing directory or file.' in C:\xampp\htdocs\giaingoaihang\framework\YiiBase.php:347
Stack trace:
#0 C:\xampp\htdocs\giaingoaihang\framework\base\CModule.php(226): YiiBase::import('Status.models.*')
#1 C:\xampp\htdocs\giaingoaihang\protected\modules\Pages\PagesModule.php(14): CModule->setImport(Array)
#2 C:\xampp\htdocs\giaingoaihang\framework\base\CModule.php(90): PagesModule->init()
#3 C:\xampp\htdocs\giaingoaihang\framework\YiiBase.php(206): CModule->__construct('Pages', NULL, Array)
#4 C:\xampp\htdocs\giaingoaihang\framework\base\CModule.php(282): YiiBase::createComponent('Pages.PagesModu...', 'Pages', NULL, Array)
#5 C:\xampp\htdocs\giaingoaihang\framework\web\CWebApplication.php(337): CModule->getModule('Pages')
#6 C:\xampp\htdocs\giaingoaihang\framework\web\CWebApplication.php(276): CWebApplication->createController('Pages/default/c...')
#7 C:\xampp\htdocs\giaingoaihang\framework\web\CWebApplication.php(141): CWebApplication->runController('Pages/default/c...')
#8 C:\xampp\htdocs\giaingoaihang\framework\base\CApplication.php(180): CWebApplication->processRequest()
#9 C:\xampp\htdocs\giaingoaihang\index.php(23): CApplication->run()
#10 {main}
REQUEST_URI=/giaingoaihang/index.php?r=Pages/default/create
HTTP_REFERER=http://localhost/giaingoaihang/index.php?r=Users/default/view&id=1
---
2014/04/23 04:46:01 [error] [exception.CHttpException.404] exception 'CHttpException' with message 'Unable to resolve the request "Status/default/create".' in C:\xampp\htdocs\giaingoaihang\framework\web\CWebApplication.php:286
Stack trace:
#0 C:\xampp\htdocs\giaingoaihang\framework\web\CWebApplication.php(141): CWebApplication->runController('Status/default/...')
#1 C:\xampp\htdocs\giaingoaihang\framework\base\CApplication.php(180): CWebApplication->processRequest()
#2 C:\xampp\htdocs\giaingoaihang\index.php(23): CApplication->run()
#3 {main}
REQUEST_URI=/giaingoaihang/index.php?r=Status/default/create
HTTP_REFERER=http://localhost/giaingoaihang/index.php?r=Users/default/view&id=1
---
2014/04/23 04:46:15 [error] [exception.CException] exception 'CException' with message 'Alias "Status.models.*" is invalid. Make sure it points to an existing directory or file.' in C:\xampp\htdocs\giaingoaihang\framework\YiiBase.php:347
Stack trace:
#0 C:\xampp\htdocs\giaingoaihang\framework\base\CModule.php(226): YiiBase::import('Status.models.*')
#1 C:\xampp\htdocs\giaingoaihang\protected\modules\Pages\PagesModule.php(14): CModule->setImport(Array)
#2 C:\xampp\htdocs\giaingoaihang\framework\base\CModule.php(90): PagesModule->init()
#3 C:\xampp\htdocs\giaingoaihang\framework\YiiBase.php(206): CModule->__construct('Pages', NULL, Array)
#4 C:\xampp\htdocs\giaingoaihang\framework\base\CModule.php(282): YiiBase::createComponent('Pages.PagesModu...', 'Pages', NULL, Array)
#5 C:\xampp\htdocs\giaingoaihang\framework\web\CWebApplication.php(337): CModule->getModule('Pages')
#6 C:\xampp\htdocs\giaingoaihang\framework\web\CWebApplication.php(276): CWebApplication->createController('Pages/default/c...')
#7 C:\xampp\htdocs\giaingoaihang\framework\web\CWebApplication.php(141): CWebApplication->runController('Pages/default/c...')
#8 C:\xampp\htdocs\giaingoaihang\framework\base\CApplication.php(180): CWebApplication->processRequest()
#9 C:\xampp\htdocs\giaingoaihang\index.php(23): CApplication->run()
#10 {main}
REQUEST_URI=/giaingoaihang/index.php?r=Pages/default/create
HTTP_REFERER=http://localhost/giaingoaihang/index.php?r=Users/default/view&id=1
---
2014/04/23 04:46:15 [error] [exception.CHttpException.404] exception 'CHttpException' with message 'Unable to resolve the request "Status/default/create".' in C:\xampp\htdocs\giaingoaihang\framework\web\CWebApplication.php:286
Stack trace:
#0 C:\xampp\htdocs\giaingoaihang\framework\web\CWebApplication.php(141): CWebApplication->runController('Status/default/...')
#1 C:\xampp\htdocs\giaingoaihang\framework\base\CApplication.php(180): CWebApplication->processRequest()
#2 C:\xampp\htdocs\giaingoaihang\index.php(23): CApplication->run()
#3 {main}
REQUEST_URI=/giaingoaihang/index.php?r=Status/default/create
HTTP_REFERER=http://localhost/giaingoaihang/index.php?r=Users/default/view&id=1
---
2014/04/23 04:50:02 [error] [exception.CException] exception 'CException' with message 'Property "Users.fullName" is not defined.' in C:\xampp\htdocs\giaingoaihang\framework\base\CComponent.php:130
Stack trace:
#0 C:\xampp\htdocs\giaingoaihang\framework\db\ar\CActiveRecord.php(145): CComponent->__get('fullName')
#1 C:\xampp\htdocs\giaingoaihang\protected\models\Users.php(204): CActiveRecord->__get('fullName')
#2 C:\xampp\htdocs\giaingoaihang\protected\modules\Pages\components\views\view_show_status.php(8): Users::getName('1')
#3 C:\xampp\htdocs\giaingoaihang\framework\web\CBaseController.php(130): require('C:\xampp\htdocs...')
#4 C:\xampp\htdocs\giaingoaihang\framework\web\CBaseController.php(95): CBaseController->renderInternal('C:\xampp\htdocs...', Array, false)
#5 C:\xampp\htdocs\giaingoaihang\framework\web\widgets\CWidget.php(244): CBaseController->renderFile('C:\xampp\htdocs...', Array, false)
#6 C:\xampp\htdocs\giaingoaihang\protected\modules\Pages\components\View_Show_Status.php(5): CWidget->render('view_show_statu...', Array)
#7 C:\xampp\htdocs\giaingoaihang\framework\web\CBaseController.php(147): View_Show_Status->init()
#8 C:\xampp\htdocs\giaingoaihang\framework\web\CBaseController.php(172): CBaseController->createWidget('Pages.component...', Array)
#9 C:\xampp\htdocs\giaingoaihang\protected\modules\Pages\views\default\create.php(2): CBaseController->widget('Pages.component...', Array)
#10 C:\xampp\htdocs\giaingoaihang\framework\web\CBaseController.php(126): require('C:\xampp\htdocs...')
#11 C:\xampp\htdocs\giaingoaihang\framework\web\CBaseController.php(95): CBaseController->renderInternal('C:\xampp\htdocs...', Array, true)
#12 C:\xampp\htdocs\giaingoaihang\framework\web\CController.php(869): CBaseController->renderFile('C:\xampp\htdocs...', Array, true)
#13 C:\xampp\htdocs\giaingoaihang\protected\modules\Pages\controllers\DefaultController.php(17): CController->renderPartial('create', Array)
#14 C:\xampp\htdocs\giaingoaihang\framework\web\actions\CInlineAction.php(49): DefaultController->actionCreate()
#15 C:\xampp\htdocs\giaingoaihang\framework\web\CController.php(308): CInlineAction->runWithParams(Array)
#16 C:\xampp\htdocs\giaingoaihang\framework\web\CController.php(286): CController->runAction(Object(CInlineAction))
#17 C:\xampp\htdocs\giaingoaihang\framework\web\CController.php(265): CController->runActionWithFilters(Object(CInlineAction), Array)
#18 C:\xampp\htdocs\giaingoaihang\framework\web\CWebApplication.php(282): CController->run('create')
#19 C:\xampp\htdocs\giaingoaihang\framework\web\CWebApplication.php(141): CWebApplication->runController('Pages/default/c...')
#20 C:\xampp\htdocs\giaingoaihang\framework\base\CApplication.php(180): CWebApplication->processRequest()
#21 C:\xampp\htdocs\giaingoaihang\index.php(23): CApplication->run()
#22 {main}
REQUEST_URI=/giaingoaihang/index.php?r=Pages/default/create
HTTP_REFERER=http://localhost/giaingoaihang/index.php?r=Users/default/view&id=1
---
2014/04/23 04:50:03 [error] [exception.CException] exception 'CException' with message 'Property "Users.fullName" is not defined.' in C:\xampp\htdocs\giaingoaihang\framework\base\CComponent.php:130
Stack trace:
#0 C:\xampp\htdocs\giaingoaihang\framework\db\ar\CActiveRecord.php(145): CComponent->__get('fullName')
#1 C:\xampp\htdocs\giaingoaihang\protected\models\Users.php(204): CActiveRecord->__get('fullName')
#2 C:\xampp\htdocs\giaingoaihang\protected\modules\Pages\components\views\view_show_status.php(8): Users::getName('1')
#3 C:\xampp\htdocs\giaingoaihang\framework\web\CBaseController.php(130): require('C:\xampp\htdocs...')
#4 C:\xampp\htdocs\giaingoaihang\framework\web\CBaseController.php(95): CBaseController->renderInternal('C:\xampp\htdocs...', Array, false)
#5 C:\xampp\htdocs\giaingoaihang\framework\web\widgets\CWidget.php(244): CBaseController->renderFile('C:\xampp\htdocs...', Array, false)
#6 C:\xampp\htdocs\giaingoaihang\protected\modules\Pages\components\View_Show_Status.php(5): CWidget->render('view_show_statu...', Array)
#7 C:\xampp\htdocs\giaingoaihang\framework\web\CBaseController.php(147): View_Show_Status->init()
#8 C:\xampp\htdocs\giaingoaihang\framework\web\CBaseController.php(172): CBaseController->createWidget('Pages.component...', Array)
#9 C:\xampp\htdocs\giaingoaihang\protected\modules\Pages\views\default\create.php(2): CBaseController->widget('Pages.component...', Array)
#10 C:\xampp\htdocs\giaingoaihang\framework\web\CBaseController.php(126): require('C:\xampp\htdocs...')
#11 C:\xampp\htdocs\giaingoaihang\framework\web\CBaseController.php(95): CBaseController->renderInternal('C:\xampp\htdocs...', Array, true)
#12 C:\xampp\htdocs\giaingoaihang\framework\web\CController.php(869): CBaseController->renderFile('C:\xampp\htdocs...', Array, true)
#13 C:\xampp\htdocs\giaingoaihang\protected\modules\Pages\controllers\DefaultController.php(17): CController->renderPartial('create', Array)
#14 C:\xampp\htdocs\giaingoaihang\framework\web\actions\CInlineAction.php(49): DefaultController->actionCreate()
#15 C:\xampp\htdocs\giaingoaihang\framework\web\CController.php(308): CInlineAction->runWithParams(Array)
#16 C:\xampp\htdocs\giaingoaihang\framework\web\CController.php(286): CController->runAction(Object(CInlineAction))
#17 C:\xampp\htdocs\giaingoaihang\framework\web\CController.php(265): CController->runActionWithFilters(Object(CInlineAction), Array)
#18 C:\xampp\htdocs\giaingoaihang\framework\web\CWebApplication.php(282): CController->run('create')
#19 C:\xampp\htdocs\giaingoaihang\framework\web\CWebApplication.php(141): CWebApplication->runController('Pages/default/c...')
#20 C:\xampp\htdocs\giaingoaihang\framework\base\CApplication.php(180): CWebApplication->processRequest()
#21 C:\xampp\htdocs\giaingoaihang\index.php(23): CApplication->run()
#22 {main}
REQUEST_URI=/giaingoaihang/index.php?r=Pages/default/create
HTTP_REFERER=http://localhost/giaingoaihang/index.php?r=Users/default/view&id=1
---
